<?xml version="1.0" encoding="UTF-8"?>
<!-- Generated by org.testng.reporters.JUnitReportReporter -->
<testsuite hostname="LAPTOP-KECOCNAM" failures="0" tests="1" name="com.qa.tests.TestJava" time="0.010" errors="0" timestamp="04 Sep 2020 00:18:52 GMT" skipped="0">
  <testcase classname="com.qa.tests.TestJava" name="testJava" time="0.010"/>
</testsuite> <!-- com.qa.tests.TestJava -->
